c:\users\samuel\source\repos\directx_engine\directx_engine\debug\vc141.pdb
c:\users\samuel\source\repos\directx_engine\directx_engine\debug\vc141.idb
c:\users\samuel\source\repos\directx_engine\directx_engine\debug\main.obj
c:\users\samuel\source\repos\directx_engine\directx_engine\debug\window.obj
c:\users\samuel\source\repos\directx_engine\directx_engine\debug\renderer.obj
c:\users\samuel\source\repos\directx_engine\directx_engine\debug\triangle.obj
c:\users\samuel\desktop\directx_engine\directx_engine\debug\vc141.pdb
c:\users\samuel\source\repos\directx_engine\directx_engine\trianglevertexshader.cso
c:\users\samuel\source\repos\directx_engine\directx_engine\trianglepixelshader.cso
c:\users\samuel\desktop\directx_engine\directx_engine\trianglepixelshader.cso
c:\users\samuel\desktop\directx_engine\directx_engine\trianglevertexshader.cso
c:\users\samuel\source\repos\directx_engine\debug\directx_engine.exe
c:\users\samuel\source\repos\directx_engine\debug\directx_engine.ilk
c:\users\samuel\source\repos\directx_engine\debug\directx_engine.pdb
c:\users\samuel\desktop\directx_engine\debug\directx_engine.exe
c:\users\samuel\desktop\directx_engine\debug\directx_engine.ilk
c:\users\samuel\desktop\directx_engine\debug\directx_engine.pdb
c:\users\samuel\source\repos\directx_engine\directx_engine\debug\directx_engine.tlog\cl.command.1.tlog
c:\users\samuel\source\repos\directx_engine\directx_engine\debug\directx_engine.tlog\cl.read.1.tlog
c:\users\samuel\source\repos\directx_engine\directx_engine\debug\directx_engine.tlog\cl.write.1.tlog
c:\users\samuel\source\repos\directx_engine\directx_engine\debug\directx_engine.tlog\directx_engine.write.1u.tlog
c:\users\samuel\source\repos\directx_engine\directx_engine\debug\directx_engine.tlog\fxc.command.1.tlog
c:\users\samuel\source\repos\directx_engine\directx_engine\debug\directx_engine.tlog\fxc.read.1.tlog
c:\users\samuel\source\repos\directx_engine\directx_engine\debug\directx_engine.tlog\fxc.write.1.tlog
c:\users\samuel\source\repos\directx_engine\directx_engine\debug\directx_engine.tlog\link.command.1.tlog
c:\users\samuel\source\repos\directx_engine\directx_engine\debug\directx_engine.tlog\link.read.1.tlog
c:\users\samuel\source\repos\directx_engine\directx_engine\debug\directx_engine.tlog\link.write.1.tlog
